已經開始建置於 2012/7/23 上午 01:14:15。
     1>節點 2 (build 目標) 上的專案 "C:\visual studio 2010\Projects\sagho 2012.7.16 SAGHOD - optimal\sagho\sagho.vcxproj"。
     1>InitializeBuildStatus:
         由於指定了 "AlwaysCreate"，因此正在建立 "Debug\sagho.unsuccessfulbuild"。
       ClCompile:
         c:\Program Files (x86)\Microsoft Visual Studio 10.0\VC\bin\CL.exe /c /ZI /nologo /W3 /WX- /Od /Oy- /D WIN32 /D _DEBUG /D _CONSOLE /D _UNICODE /D UNICODE /Gm /EHsc /RTC1 /MDd /GS /fp:precise /Zc:wchar_t /Zc:forScope /Fo"Debug\\" /Fd"Debug\vc100.pdb" /Gd /TP /analyze- /errorReport:prompt sa_scheme.cpp
         sa_scheme.cpp
       ManifestResourceCompile:
         所有輸出都是最新的。
       Link:
         c:\Program Files (x86)\Microsoft Visual Studio 10.0\VC\bin\link.exe /ERRORREPORT:PROMPT /OUT:"C:\visual studio 2010\Projects\sagho 2012.7.16 SAGHOD - optimal\Debug\sagho.exe" /INCREMENTAL /NOLOGO kernel32.lib user32.lib gdi32.lib winspool.lib comdlg32.lib advapi32.lib shell32.lib ole32.lib oleaut32.lib uuid.lib odbc32.lib odbccp32.lib /MANIFEST /ManifestFile:"Debug\sagho.exe.intermediate.manifest" /MANIFESTUAC:"level='asInvoker' uiAccess='false'" /DEBUG /PDB:"C:\visual studio 2010\Projects\sagho 2012.7.16 SAGHOD - optimal\Debug\sagho.pdb" /SUBSYSTEM:CONSOLE /TLBID:1 /DYNAMICBASE /NXCOMPAT /IMPLIB:"C:\visual studio 2010\Projects\sagho 2012.7.16 SAGHOD - optimal\Debug\sagho.lib" /MACHINE:X86 Debug\sagho.exe.embed.manifest.res
         Debug\Bus.obj
         Debug\constraint.obj
         Debug\distributions.obj
         Debug\Edge.obj
         Debug\Gsm.obj
         Debug\sa_scheme.obj
         Debug\increased_load.obj
         Debug\Lte.obj
         Debug\main.obj
         Debug\Mt.obj
         Debug\other_functions.obj
         Debug\path_loss.obj
         Debug\traffic_source.obj
         Debug\Wcdma.obj
       Manifest:
         C:\Program Files (x86)\Microsoft SDKs\Windows\v7.0A\bin\mt.exe /nologo /verbose /out:"Debug\sagho.exe.embed.manifest" /manifest Debug\sagho.exe.intermediate.manifest
         所有輸出都是最新的。
       LinkEmbedManifest:
         所有輸出都是最新的。
         sagho.vcxproj -> C:\visual studio 2010\Projects\sagho 2012.7.16 SAGHOD - optimal\Debug\sagho.exe
       FinalizeBuildStatus:
         正在刪除檔案 "Debug\sagho.unsuccessfulbuild"。
         正在變更時間戳記 "Debug\sagho.lastbuildstate"。
     1>專案 "C:\visual studio 2010\Projects\sagho 2012.7.16 SAGHOD - optimal\sagho\sagho.vcxproj" (build 目標) 建置完成。

建置成功。

經過時間 00:00:01.75
