C:\VISUAL STUDIO 2010\PROJECTS\SAGHO 2012.7.16 SAGHOD - OPTIMAL\DEBUG\SAGHO.EXE
C:\VISUAL STUDIO 2010\PROJECTS\SAGHO 2012.7.16 SAGHOD - OPTIMAL\DEBUG\SAGHO.ILK
C:\VISUAL STUDIO 2010\PROJECTS\SAGHO 2012.7.16 SAGHOD - OPTIMAL\DEBUG\SAGHO.PDB
C:\VISUAL STUDIO 2010\PROJECTS\SAGHO 2012.7.16 SAGHOD - OPTIMAL\SAGHO\DEBUG\BUS.OBJ
C:\visual studio 2010\Projects\sagho 2012.7.16 SAGHOD - optimal\sagho\Debug\cl.command.1.tlog
C:\visual studio 2010\Projects\sagho 2012.7.16 SAGHOD - optimal\sagho\Debug\CL.read.1.tlog
C:\visual studio 2010\Projects\sagho 2012.7.16 SAGHOD - optimal\sagho\Debug\CL.write.1.tlog
C:\VISUAL STUDIO 2010\PROJECTS\SAGHO 2012.7.16 SAGHOD - OPTIMAL\SAGHO\DEBUG\CONSTRAINT.OBJ
C:\VISUAL STUDIO 2010\PROJECTS\SAGHO 2012.7.16 SAGHOD - OPTIMAL\SAGHO\DEBUG\DISTRIBUTIONS.OBJ
C:\VISUAL STUDIO 2010\PROJECTS\SAGHO 2012.7.16 SAGHOD - OPTIMAL\SAGHO\DEBUG\EDGE.OBJ
C:\VISUAL STUDIO 2010\PROJECTS\SAGHO 2012.7.16 SAGHOD - OPTIMAL\SAGHO\DEBUG\GSM.OBJ
C:\VISUAL STUDIO 2010\PROJECTS\SAGHO 2012.7.16 SAGHOD - OPTIMAL\SAGHO\DEBUG\INCREASED_LOAD.OBJ
C:\visual studio 2010\Projects\sagho 2012.7.16 SAGHOD - optimal\sagho\Debug\link.5012.read.1.tlog
C:\visual studio 2010\Projects\sagho 2012.7.16 SAGHOD - optimal\sagho\Debug\link.5012.write.1.tlog
C:\visual studio 2010\Projects\sagho 2012.7.16 SAGHOD - optimal\sagho\Debug\link.5012-cvtres.read.1.tlog
C:\visual studio 2010\Projects\sagho 2012.7.16 SAGHOD - optimal\sagho\Debug\link.5012-cvtres.write.1.tlog
C:\visual studio 2010\Projects\sagho 2012.7.16 SAGHOD - optimal\sagho\Debug\link.command.1.tlog
C:\visual studio 2010\Projects\sagho 2012.7.16 SAGHOD - optimal\sagho\Debug\link.read.1.tlog
C:\visual studio 2010\Projects\sagho 2012.7.16 SAGHOD - optimal\sagho\Debug\link.write.1.tlog
C:\visual studio 2010\Projects\sagho 2012.7.16 SAGHOD - optimal\sagho\Debug\link-cvtres.read.1.tlog
C:\visual studio 2010\Projects\sagho 2012.7.16 SAGHOD - optimal\sagho\Debug\link-cvtres.write.1.tlog
C:\VISUAL STUDIO 2010\PROJECTS\SAGHO 2012.7.16 SAGHOD - OPTIMAL\SAGHO\DEBUG\LTE.OBJ
C:\VISUAL STUDIO 2010\PROJECTS\SAGHO 2012.7.16 SAGHOD - OPTIMAL\SAGHO\DEBUG\MAIN.OBJ
C:\visual studio 2010\Projects\sagho 2012.7.16 SAGHOD - optimal\sagho\Debug\mt.command.1.tlog
C:\VISUAL STUDIO 2010\PROJECTS\SAGHO 2012.7.16 SAGHOD - OPTIMAL\SAGHO\DEBUG\MT.OBJ
C:\visual studio 2010\Projects\sagho 2012.7.16 SAGHOD - optimal\sagho\Debug\mt.read.1.tlog
C:\visual studio 2010\Projects\sagho 2012.7.16 SAGHOD - optimal\sagho\Debug\mt.write.1.tlog
C:\VISUAL STUDIO 2010\PROJECTS\SAGHO 2012.7.16 SAGHOD - OPTIMAL\SAGHO\DEBUG\OTHER_FUNCTIONS.OBJ
C:\VISUAL STUDIO 2010\PROJECTS\SAGHO 2012.7.16 SAGHOD - OPTIMAL\SAGHO\DEBUG\PATH_LOSS.OBJ
C:\visual studio 2010\Projects\sagho 2012.7.16 SAGHOD - optimal\sagho\Debug\rc.command.1.tlog
C:\visual studio 2010\Projects\sagho 2012.7.16 SAGHOD - optimal\sagho\Debug\rc.read.1.tlog
C:\visual studio 2010\Projects\sagho 2012.7.16 SAGHOD - optimal\sagho\Debug\rc.write.1.tlog
C:\VISUAL STUDIO 2010\PROJECTS\SAGHO 2012.7.16 SAGHOD - OPTIMAL\SAGHO\DEBUG\SA_SCHEME.OBJ
C:\VISUAL STUDIO 2010\PROJECTS\SAGHO 2012.7.16 SAGHOD - OPTIMAL\SAGHO\DEBUG\SAGHO.EXE.EMBED.MANIFEST
C:\VISUAL STUDIO 2010\PROJECTS\SAGHO 2012.7.16 SAGHOD - OPTIMAL\SAGHO\DEBUG\SAGHO.EXE.EMBED.MANIFEST.RES
C:\VISUAL STUDIO 2010\PROJECTS\SAGHO 2012.7.16 SAGHOD - OPTIMAL\SAGHO\DEBUG\SAGHO.EXE.INTERMEDIATE.MANIFEST
C:\visual studio 2010\Projects\sagho 2012.7.16 SAGHOD - optimal\sagho\Debug\sagho_manifest.rc
C:\VISUAL STUDIO 2010\PROJECTS\SAGHO 2012.7.16 SAGHOD - OPTIMAL\SAGHO\DEBUG\TRAFFIC_SOURCE.OBJ
C:\visual studio 2010\Projects\sagho 2012.7.16 SAGHOD - optimal\sagho\Debug\vc100.idb
C:\VISUAL STUDIO 2010\PROJECTS\SAGHO 2012.7.16 SAGHOD - OPTIMAL\SAGHO\DEBUG\VC100.PDB
C:\VISUAL STUDIO 2010\PROJECTS\SAGHO 2012.7.16 SAGHOD - OPTIMAL\SAGHO\DEBUG\WCDMA.OBJ
